# JRE version: Java(TM) SE Runtime Environment (7.0_51-b13) (build 1.7.0_51-b13)
# Java VM: Java HotSpot(TM) 64-Bit Server VM (24.51-b03 mixed mode bsd-amd64 compressed oops)
Heap
 PSYoungGen      total 36864K, used 7247K [0x00000007aaa80000, 0x00000007ad280000, 0x0000000800000000)
  eden space 34816K, 20% used [0x00000007aaa80000,0x00000007ab17bf38,0x00000007acc80000)
  from space 2048K, 4% used [0x00000007ad080000,0x00000007ad098000,0x00000007ad280000)
  to   space 3072K, 0% used [0x00000007acc80000,0x00000007acc80000,0x00000007acf80000)
 ParOldGen       total 174592K, used 36340K [0x0000000700000000, 0x000000070aa80000, 0x00000007aaa80000)
  object space 174592K, 20% used [0x0000000700000000,0x000000070237d3c0,0x000000070aa80000)
 PSPermGen       total 26624K, used 26341K [0x00000006fae00000, 0x00000006fc800000, 0x0000000700000000)
  object space 26624K, 98% used [0x00000006fae00000,0x00000006fc7b9690,0x00000006fc800000)
GC Heap History (10 events):
Event: 58,269 GC heap before
{Heap before GC invocations=42 (full 0):
 PSYoungGen      total 37888K, used 37472K [0x00000007aaa80000, 0x00000007ad800000, 0x0000000800000000)
  eden space 37376K, 100% used [0x00000007aaa80000,0x00000007acf00000,0x00000007acf00000)
  from space 512K, 18% used [0x00000007acf80000,0x00000007acf98000,0x00000007ad000000)
  to   space 4608K, 0% used [0x00000007ad380000,0x00000007ad380000,0x00000007ad800000)
 ParOldGen       total 174592K, used 36324K [0x0000000700000000, 0x000000070aa80000, 0x00000007aaa80000)
  object space 174592K, 20% used [0x0000000700000000,0x00000007023793c0,0x000000070aa80000)
 PSPermGen       total 26624K, used 26308K [0x00000006fae00000, 0x00000006fc800000, 0x0000000700000000)
  object space 26624K, 98% used [0x00000006fae00000,0x00000006fc7b1070,0x00000006fc800000)
Event: 58,270 GC heap after
Heap after GC invocations=42 (full 0):
 PSYoungGen      total 39936K, used 96K [0x00000007aaa80000, 0x00000007ad680000, 0x0000000800000000)
  eden space 36864K, 0% used [0x00000007aaa80000,0x00000007aaa80000,0x00000007ace80000)
  from space 3072K, 3% used [0x00000007ad380000,0x00000007ad398000,0x00000007ad680000)
  to   space 4096K, 0% used [0x00000007ace80000,0x00000007ace80000,0x00000007ad280000)
 ParOldGen       total 174592K, used 36324K [0x0000000700000000, 0x000000070aa80000, 0x00000007aaa80000)
  object space 174592K, 20% used [0x0000000700000000,0x00000007023793c0,0x000000070aa80000)
 PSPermGen       total 26624K, used 26308K [0x00000006fae00000, 0x00000006fc800000, 0x0000000700000000)
  object space 26624K, 98% used [0x00000006fae00000,0x00000006fc7b1070,0x00000006fc800000)
}
Event: 59,184 GC heap before
{Heap before GC invocations=43 (full 0):
 PSYoungGen      total 39936K, used 36960K [0x00000007aaa80000, 0x00000007ad680000, 0x0000000800000000)
  eden space 36864K, 100% used [0x00000007aaa80000,0x00000007ace80000,0x00000007ace80000)
  from space 3072K, 3% used [0x00000007ad380000,0x00000007ad398000,0x00000007ad680000)
  to   space 4096K, 0% used [0x00000007ace80000,0x00000007ace80000,0x00000007ad280000)
 ParOldGen       total 174592K, used 36324K [0x0000000700000000, 0x000000070aa80000, 0x00000007aaa80000)
  object space 174592K, 20% used [0x0000000700000000,0x00000007023793c0,0x000000070aa80000)
 PSPermGen       total 26624K, used 26308K [0x00000006fae00000, 0x00000006fc800000, 0x0000000700000000)
  object space 26624K, 98% used [0x00000006fae00000,0x00000006fc7b11d8,0x00000006fc800000)
Event: 59,185 GC heap after
Heap after GC invocations=43 (full 0):
 PSYoungGen      total 36864K, used 64K [0x00000007aaa80000, 0x00000007ad600000, 0x0000000800000000)
  eden space 36352K, 0% used [0x00000007aaa80000,0x00000007aaa80000,0x00000007ace00000)
  from space 512K, 12% used [0x00000007ace80000,0x00000007ace90000,0x00000007acf00000)
  to   space 4096K, 0% used [0x00000007ad200000,0x00000007ad200000,0x00000007ad600000)
 ParOldGen       total 174592K, used 36324K [0x0000000700000000, 0x000000070aa80000, 0x00000007aaa80000)
  object space 174592K, 20% used [0x0000000700000000,0x00000007023793c0,0x000000070aa80000)
 PSPermGen       total 26624K, used 26308K [0x00000006fae00000, 0x00000006fc800000, 0x0000000700000000)
  object space 26624K, 98% used [0x00000006fae00000,0x00000006fc7b11d8,0x00000006fc800000)
}
Event: 60,087 GC heap before
{Heap before GC invocations=44 (full 0):
 PSYoungGen      total 36864K, used 36416K [0x00000007aaa80000, 0x00000007ad600000, 0x0000000800000000)
  eden space 36352K, 100% used [0x00000007aaa80000,0x00000007ace00000,0x00000007ace00000)
  from space 512K, 12% used [0x00000007ace80000,0x00000007ace90000,0x00000007acf00000)
  to   space 4096K, 0% used [0x00000007ad200000,0x00000007ad200000,0x00000007ad600000)
 ParOldGen       total 174592K, used 36324K [0x0000000700000000, 0x000000070aa80000, 0x00000007aaa80000)
  object space 174592K, 20% used [0x0000000700000000,0x00000007023793c0,0x000000070aa80000)
 PSPermGen       total 26624K, used 26308K [0x00000006fae00000, 0x00000006fc800000, 0x0000000700000000)
  object space 26624K, 98% used [0x00000006fae00000,0x00000006fc7b12a0,0x00000006fc800000)
Event: 60,088 GC heap after
Heap after GC invocations=44 (full 0):
 PSYoungGen      total 38400K, used 96K [0x00000007aaa80000, 0x00000007ad480000, 0x0000000800000000)
  eden space 35840K, 0% used [0x00000007aaa80000,0x00000007aaa80000,0x00000007acd80000)
  from space 2560K, 3% used [0x00000007ad200000,0x00000007ad218000,0x00000007ad480000)
  to   space 3584K, 0% used [0x00000007acd80000,0x00000007acd80000,0x00000007ad100000)
 ParOldGen       total 174592K, used 36324K [0x0000000700000000, 0x000000070aa80000, 0x00000007aaa80000)
  object space 174592K, 20% used [0x0000000700000000,0x00000007023793c0,0x000000070aa80000)
 PSPermGen       total 26624K, used 26308K [0x00000006fae00000, 0x00000006fc800000, 0x0000000700000000)
  object space 26624K, 98% used [0x00000006fae00000,0x00000006fc7b12a0,0x00000006fc800000)
}
Event: 60,988 GC heap before
{Heap before GC invocations=45 (full 0):
 PSYoungGen      total 38400K, used 35936K [0x00000007aaa80000, 0x00000007ad480000, 0x0000000800000000)
  eden space 35840K, 100% used [0x00000007aaa80000,0x00000007acd80000,0x00000007acd80000)
  from space 2560K, 3% used [0x00000007ad200000,0x00000007ad218000,0x00000007ad480000)
  to   space 3584K, 0% used [0x00000007acd80000,0x00000007acd80000,0x00000007ad100000)
 ParOldGen       total 174592K, used 36324K [0x0000000700000000, 0x000000070aa80000, 0x00000007aaa80000)
  object space 174592K, 20% used [0x0000000700000000,0x00000007023793c0,0x000000070aa80000)
 PSPermGen       total 26624K, used 26318K [0x00000006fae00000, 0x00000006fc800000, 0x0000000700000000)
  object space 26624K, 98% used [0x00000006fae00000,0x00000006fc7b3a90,0x00000006fc800000)
Event: 60,989 GC heap after
Heap after GC invocations=45 (full 0):
 PSYoungGen      total 35840K, used 96K [0x00000007aaa80000, 0x00000007ad400000, 0x0000000800000000)
  eden space 35328K, 0% used [0x00000007aaa80000,0x00000007aaa80000,0x00000007acd00000)
  from space 512K, 18% used [0x00000007acd80000,0x00000007acd98000,0x00000007ace00000)
  to   space 3584K, 0% used [0x00000007ad080000,0x00000007ad080000,0x00000007ad400000)
 ParOldGen       total 174592K, used 36324K [0x0000000700000000, 0x000000070aa80000, 0x00000007aaa80000)
  object space 174592K, 20% used [0x0000000700000000,0x00000007023793c0,0x000000070aa80000)
 PSPermGen       total 26624K, used 26318K [0x00000006fae00000, 0x00000006fc800000, 0x0000000700000000)
  object space 26624K, 98% used [0x00000006fae00000,0x00000006fc7b3a90,0x00000006fc800000)
}
Event: 61,855 GC heap before
{Heap before GC invocations=46 (full 0):
 PSYoungGen      total 35840K, used 35424K [0x00000007aaa80000, 0x00000007ad400000, 0x0000000800000000)
  eden space 35328K, 100% used [0x00000007aaa80000,0x00000007acd00000,0x00000007acd00000)
  from space 512K, 18% used [0x00000007acd80000,0x00000007acd98000,0x00000007ace00000)
  to   space 3584K, 0% used [0x00000007ad080000,0x00000007ad080000,0x00000007ad400000)
 ParOldGen       total 174592K, used 36324K [0x0000000700000000, 0x000000070aa80000, 0x00000007aaa80000)
  object space 174592K, 20% used [0x0000000700000000,0x00000007023793c0,0x000000070aa80000)
 PSPermGen       total 26624K, used 26319K [0x00000006fae00000, 0x00000006fc800000, 0x0000000700000000)
  object space 26624K, 98% used [0x00000006fae00000,0x00000006fc7b3ca0,0x00000006fc800000)
Event: 61,856 GC heap after
Heap after GC invocations=46 (full 0):
 PSYoungGen      total 36864K, used 96K [0x00000007aaa80000, 0x00000007ad280000, 0x0000000800000000)
  eden space 34816K, 0% used [0x00000007aaa80000,0x00000007aaa80000,0x00000007acc80000)
  from space 2048K, 4% used [0x00000007ad080000,0x00000007ad098000,0x00000007ad280000)
  to   space 3072K, 0% used [0x00000007acc80000,0x00000007acc80000,0x00000007acf80000)
 ParOldGen       total 174592K, used 36340K [0x0000000700000000, 0x000000070aa80000, 0x00000007aaa80000)
  object space 174592K, 20% used [0x0000000700000000,0x000000070237d3c0,0x000000070aa80000)
 PSPermGen       total 26624K, used 26319K [0x00000006fae00000, 0x00000006fc800000, 0x0000000700000000)
  object space 26624K, 98% used [0x00000006fae00000,0x00000006fc7b3ca0,0x00000006fc800000)
}

